<?xml version="1.0" encoding="UTF-8"?>
<testsuite xmlns:xsi="http://www.w3.org/2001/XMLSchema-instance" xsi:noNamespaceSchemaLocation="https://maven.apache.org/surefire/maven-surefire-plugin/xsd/surefire-test-report.xsd" name="com.hx.nine.eleven.core.AppTest" time="0.001" tests="0" errors="0" skipped="0" failures="0">
  <properties>
    <property name="sun.desktop" value="windows"/>
    <property name="awt.toolkit" value="sun.awt.windows.WToolkit"/>
    <property name="file.encoding.pkg" value="sun.io"/>
    <property name="java.specification.version" value="1.8"/>
    <property name="sun.cpu.isalist" value="amd64"/>
    <property name="sun.jnu.encoding" value="GBK"/>
    <property name="java.class.path" value="D:\code\eleven\eleven-core\target\test-classes;D:\code\eleven\eleven-core\target\classes;D:\devsoft\mvnrepository\io\vertx\vertx-core\4.4.0\vertx-core-4.4.0.jar;D:\devsoft\mvnrepository\io\netty\netty-common\4.1.89.Final\netty-common-4.1.89.Final.jar;D:\devsoft\mvnrepository\io\netty\netty-buffer\4.1.89.Final\netty-buffer-4.1.89.Final.jar;D:\devsoft\mvnrepository\io\netty\netty-transport\4.1.89.Final\netty-transport-4.1.89.Final.jar;D:\devsoft\mvnrepository\io\netty\netty-handler\4.1.89.Final\netty-handler-4.1.89.Final.jar;D:\devsoft\mvnrepository\io\netty\netty-transport-native-unix-common\4.1.89.Final\netty-transport-native-unix-common-4.1.89.Final.jar;D:\devsoft\mvnrepository\io\netty\netty-codec\4.1.89.Final\netty-codec-4.1.89.Final.jar;D:\devsoft\mvnrepository\io\netty\netty-handler-proxy\4.1.89.Final\netty-handler-proxy-4.1.89.Final.jar;D:\devsoft\mvnrepository\io\netty\netty-codec-socks\4.1.89.Final\netty-codec-socks-4.1.89.Final.jar;D:\devsoft\mvnrepository\io\netty\netty-codec-http\4.1.89.Final\netty-codec-http-4.1.89.Final.jar;D:\devsoft\mvnrepository\io\netty\netty-codec-http2\4.1.89.Final\netty-codec-http2-4.1.89.Final.jar;D:\devsoft\mvnrepository\io\netty\netty-resolver\4.1.89.Final\netty-resolver-4.1.89.Final.jar;D:\devsoft\mvnrepository\io\netty\netty-resolver-dns\4.1.89.Final\netty-resolver-dns-4.1.89.Final.jar;D:\devsoft\mvnrepository\io\netty\netty-codec-dns\4.1.89.Final\netty-codec-dns-4.1.89.Final.jar;D:\devsoft\mvnrepository\com\fasterxml\jackson\core\jackson-core\2.13.1\jackson-core-2.13.1.jar;D:\devsoft\mvnrepository\io\vertx\vertx-web\4.4.0\vertx-web-4.4.0.jar;D:\devsoft\mvnrepository\io\vertx\vertx-web-common\4.4.0\vertx-web-common-4.4.0.jar;D:\devsoft\mvnrepository\io\vertx\vertx-auth-common\4.4.0\vertx-auth-common-4.4.0.jar;D:\devsoft\mvnrepository\io\vertx\vertx-bridge-common\4.4.0\vertx-bridge-common-4.4.0.jar;D:\devsoft\mvnrepository\io\vertx\vertx-config-yaml\4.4.0\vertx-config-yaml-4.4.0.jar;D:\devsoft\mvnrepository\io\vertx\vertx-config\4.4.0\vertx-config-4.4.0.jar;D:\devsoft\mvnrepository\io\vertx\vertx-codegen\4.4.0\vertx-codegen-4.4.0.jar;D:\devsoft\mvnrepository\io\vertx\vertx-auth-jwt\4.4.0\vertx-auth-jwt-4.4.0.jar;D:\devsoft\mvnrepository\org\reflections\reflections\0.10.2\reflections-0.10.2.jar;D:\devsoft\mvnrepository\org\javassist\javassist\3.28.0-GA\javassist-3.28.0-GA.jar;D:\devsoft\mvnrepository\com\google\code\findbugs\jsr305\3.0.2\jsr305-3.0.2.jar;D:\devsoft\mvnrepository\com\esotericsoftware\reflectasm\1.11.7\reflectasm-1.11.7.jar;D:\devsoft\mvnrepository\org\yaml\snakeyaml\2.2\snakeyaml-2.2.jar;D:\devsoft\mvnrepository\com\hx\lang\commons\hx-vertx-common-toolkit\2.1.0-SNAPSHOT\hx-vertx-common-toolkit-2.1.0-SNAPSHOT.jar;D:\devsoft\mvnrepository\com\google\code\gson\gson\2.8.5\gson-2.8.5.jar;D:\devsoft\mvnrepository\com\google\guava\guava\29.0-jre\guava-29.0-jre.jar;D:\devsoft\mvnrepository\com\google\guava\failureaccess\1.0.1\failureaccess-1.0.1.jar;D:\devsoft\mvnrepository\com\google\guava\listenablefuture\9999.0-empty-to-avoid-conflict-with-guava\listenablefuture-9999.0-empty-to-avoid-conflict-with-guava.jar;D:\devsoft\mvnrepository\org\checkerframework\checker-qual\2.11.1\checker-qual-2.11.1.jar;D:\devsoft\mvnrepository\com\google\errorprone\error_prone_annotations\2.3.4\error_prone_annotations-2.3.4.jar;D:\devsoft\mvnrepository\com\google\j2objc\j2objc-annotations\1.3\j2objc-annotations-1.3.jar;D:\devsoft\mvnrepository\cglib\cglib-nodep\3.3.0\cglib-nodep-3.3.0.jar;D:\devsoft\mvnrepository\com\fasterxml\jackson\core\jackson-databind\2.13.1\jackson-databind-2.13.1.jar;D:\devsoft\mvnrepository\com\fasterxml\jackson\core\jackson-annotations\2.13.1\jackson-annotations-2.13.1.jar;D:\devsoft\mvnrepository\com\fasterxml\jackson\datatype\jackson-datatype-jsr310\2.14.0\jackson-datatype-jsr310-2.14.0.jar;D:\devsoft\mvnrepository\com\fasterxml\jackson\datatype\jackson-datatype-joda\2.14.0\jackson-datatype-joda-2.14.0.jar;D:\devsoft\mvnrepository\joda-time\joda-time\2.1\joda-time-2.1.jar;D:\devsoft\mvnrepository\javax\validation\validation-api\2.0.1.Final\validation-api-2.0.1.Final.jar;D:\devsoft\mvnrepository\org\apache\commons\commons-lang3\3.8.1\commons-lang3-3.8.1.jar;D:\devsoft\mvnrepository\commons-codec\commons-codec\1.11\commons-codec-1.11.jar;D:\devsoft\mvnrepository\net\bytebuddy\byte-buddy\1.14.3\byte-buddy-1.14.3.jar;D:\devsoft\mvnrepository\org\slf4j\slf4j-api\2.0.7\slf4j-api-2.0.7.jar;D:\devsoft\mvnrepository\org\objectweb\asm\com.springsource.org.objectweb.asm\3.2.0\com.springsource.org.objectweb.asm-3.2.0.jar;D:\devsoft\mvnrepository\com\github\f4b6a3\ulid-creator\5.1.0\ulid-creator-5.1.0.jar;"/>
    <property name="java.vm.vendor" value="Alibaba"/>
    <property name="sun.arch.data.model" value="64"/>
    <property name="user.variant" value=""/>
    <property name="java.vendor.url" value="http://www.alibabagroup.com"/>
    <property name="mvnd.terminalWidth" value="120"/>
    <property name="user.timezone" value="Asia/Shanghai"/>
    <property name="java.vm.specification.version" value="1.8"/>
    <property name="os.name" value="Windows 10"/>
    <property name="user.country" value="CN"/>
    <property name="sun.java.launcher" value="SUN_STANDARD"/>
    <property name="sun.boot.library.path" value="D:\devsoft\dragonwell-8.19.20\jre\bin"/>
    <property name="sun.java.command" value="C:\Users\wml\AppData\Local\Temp\surefire7826692649880499349\surefirebooter2647703054569746033.jar C:\Users\wml\AppData\Local\Temp\surefire7826692649880499349 2024-09-19T16-16-09_383-jvmRun1 surefire9117732726431076066tmp surefire_1980347290072837189tmp"/>
    <property name="surefire.test.class.path" value="D:\code\eleven\eleven-core\target\test-classes;D:\code\eleven\eleven-core\target\classes;D:\devsoft\mvnrepository\io\vertx\vertx-core\4.4.0\vertx-core-4.4.0.jar;D:\devsoft\mvnrepository\io\netty\netty-common\4.1.89.Final\netty-common-4.1.89.Final.jar;D:\devsoft\mvnrepository\io\netty\netty-buffer\4.1.89.Final\netty-buffer-4.1.89.Final.jar;D:\devsoft\mvnrepository\io\netty\netty-transport\4.1.89.Final\netty-transport-4.1.89.Final.jar;D:\devsoft\mvnrepository\io\netty\netty-handler\4.1.89.Final\netty-handler-4.1.89.Final.jar;D:\devsoft\mvnrepository\io\netty\netty-transport-native-unix-common\4.1.89.Final\netty-transport-native-unix-common-4.1.89.Final.jar;D:\devsoft\mvnrepository\io\netty\netty-codec\4.1.89.Final\netty-codec-4.1.89.Final.jar;D:\devsoft\mvnrepository\io\netty\netty-handler-proxy\4.1.89.Final\netty-handler-proxy-4.1.89.Final.jar;D:\devsoft\mvnrepository\io\netty\netty-codec-socks\4.1.89.Final\netty-codec-socks-4.1.89.Final.jar;D:\devsoft\mvnrepository\io\netty\netty-codec-http\4.1.89.Final\netty-codec-http-4.1.89.Final.jar;D:\devsoft\mvnrepository\io\netty\netty-codec-http2\4.1.89.Final\netty-codec-http2-4.1.89.Final.jar;D:\devsoft\mvnrepository\io\netty\netty-resolver\4.1.89.Final\netty-resolver-4.1.89.Final.jar;D:\devsoft\mvnrepository\io\netty\netty-resolver-dns\4.1.89.Final\netty-resolver-dns-4.1.89.Final.jar;D:\devsoft\mvnrepository\io\netty\netty-codec-dns\4.1.89.Final\netty-codec-dns-4.1.89.Final.jar;D:\devsoft\mvnrepository\com\fasterxml\jackson\core\jackson-core\2.13.1\jackson-core-2.13.1.jar;D:\devsoft\mvnrepository\io\vertx\vertx-web\4.4.0\vertx-web-4.4.0.jar;D:\devsoft\mvnrepository\io\vertx\vertx-web-common\4.4.0\vertx-web-common-4.4.0.jar;D:\devsoft\mvnrepository\io\vertx\vertx-auth-common\4.4.0\vertx-auth-common-4.4.0.jar;D:\devsoft\mvnrepository\io\vertx\vertx-bridge-common\4.4.0\vertx-bridge-common-4.4.0.jar;D:\devsoft\mvnrepository\io\vertx\vertx-config-yaml\4.4.0\vertx-config-yaml-4.4.0.jar;D:\devsoft\mvnrepository\io\vertx\vertx-config\4.4.0\vertx-config-4.4.0.jar;D:\devsoft\mvnrepository\io\vertx\vertx-codegen\4.4.0\vertx-codegen-4.4.0.jar;D:\devsoft\mvnrepository\io\vertx\vertx-auth-jwt\4.4.0\vertx-auth-jwt-4.4.0.jar;D:\devsoft\mvnrepository\org\reflections\reflections\0.10.2\reflections-0.10.2.jar;D:\devsoft\mvnrepository\org\javassist\javassist\3.28.0-GA\javassist-3.28.0-GA.jar;D:\devsoft\mvnrepository\com\google\code\findbugs\jsr305\3.0.2\jsr305-3.0.2.jar;D:\devsoft\mvnrepository\com\esotericsoftware\reflectasm\1.11.7\reflectasm-1.11.7.jar;D:\devsoft\mvnrepository\org\yaml\snakeyaml\2.2\snakeyaml-2.2.jar;D:\devsoft\mvnrepository\com\hx\lang\commons\hx-vertx-common-toolkit\2.1.0-SNAPSHOT\hx-vertx-common-toolkit-2.1.0-SNAPSHOT.jar;D:\devsoft\mvnrepository\com\google\code\gson\gson\2.8.5\gson-2.8.5.jar;D:\devsoft\mvnrepository\com\google\guava\guava\29.0-jre\guava-29.0-jre.jar;D:\devsoft\mvnrepository\com\google\guava\failureaccess\1.0.1\failureaccess-1.0.1.jar;D:\devsoft\mvnrepository\com\google\guava\listenablefuture\9999.0-empty-to-avoid-conflict-with-guava\listenablefuture-9999.0-empty-to-avoid-conflict-with-guava.jar;D:\devsoft\mvnrepository\org\checkerframework\checker-qual\2.11.1\checker-qual-2.11.1.jar;D:\devsoft\mvnrepository\com\google\errorprone\error_prone_annotations\2.3.4\error_prone_annotations-2.3.4.jar;D:\devsoft\mvnrepository\com\google\j2objc\j2objc-annotations\1.3\j2objc-annotations-1.3.jar;D:\devsoft\mvnrepository\cglib\cglib-nodep\3.3.0\cglib-nodep-3.3.0.jar;D:\devsoft\mvnrepository\com\fasterxml\jackson\core\jackson-databind\2.13.1\jackson-databind-2.13.1.jar;D:\devsoft\mvnrepository\com\fasterxml\jackson\core\jackson-annotations\2.13.1\jackson-annotations-2.13.1.jar;D:\devsoft\mvnrepository\com\fasterxml\jackson\datatype\jackson-datatype-jsr310\2.14.0\jackson-datatype-jsr310-2.14.0.jar;D:\devsoft\mvnrepository\com\fasterxml\jackson\datatype\jackson-datatype-joda\2.14.0\jackson-datatype-joda-2.14.0.jar;D:\devsoft\mvnrepository\joda-time\joda-time\2.1\joda-time-2.1.jar;D:\devsoft\mvnrepository\javax\validation\validation-api\2.0.1.Final\validation-api-2.0.1.Final.jar;D:\devsoft\mvnrepository\org\apache\commons\commons-lang3\3.8.1\commons-lang3-3.8.1.jar;D:\devsoft\mvnrepository\commons-codec\commons-codec\1.11\commons-codec-1.11.jar;D:\devsoft\mvnrepository\net\bytebuddy\byte-buddy\1.14.3\byte-buddy-1.14.3.jar;D:\devsoft\mvnrepository\org\slf4j\slf4j-api\2.0.7\slf4j-api-2.0.7.jar;D:\devsoft\mvnrepository\org\objectweb\asm\com.springsource.org.objectweb.asm\3.2.0\com.springsource.org.objectweb.asm-3.2.0.jar;D:\devsoft\mvnrepository\com\github\f4b6a3\ulid-creator\5.1.0\ulid-creator-5.1.0.jar;"/>
    <property name="sun.cpu.endian" value="little"/>
    <property name="user.home" value="C:\Users\wml"/>
    <property name="user.language" value="zh"/>
    <property name="java.specification.vendor" value="Oracle Corporation"/>
    <property name="java.home" value="D:\devsoft\dragonwell-8.19.20\jre"/>
    <property name="basedir" value="D:\code\eleven\eleven-core"/>
    <property name="style.color" value="always"/>
    <property name="file.separator" value="\"/>
    <property name="line.separator" value="&#10;"/>
    <property name="java.vm.specification.vendor" value="Oracle Corporation"/>
    <property name="java.specification.name" value="Java Platform API Specification"/>
    <property name="java.awt.graphicsenv" value="sun.awt.Win32GraphicsEnvironment"/>
    <property name="surefire.real.class.path" value="C:\Users\wml\AppData\Local\Temp\surefire7826692649880499349\surefirebooter2647703054569746033.jar"/>
    <property name="sun.boot.class.path" value="D:\devsoft\dragonwell-8.19.20\jre\lib\resources.jar;D:\devsoft\dragonwell-8.19.20\jre\lib\rt.jar;D:\devsoft\dragonwell-8.19.20\jre\lib\sunrsasign.jar;D:\devsoft\dragonwell-8.19.20\jre\lib\jsse.jar;D:\devsoft\dragonwell-8.19.20\jre\lib\jce.jar;D:\devsoft\dragonwell-8.19.20\jre\lib\charsets.jar;D:\devsoft\dragonwell-8.19.20\jre\lib\jfr.jar;D:\devsoft\dragonwell-8.19.20\jre\classes"/>
    <property name="user.script" value=""/>
    <property name="sun.management.compiler" value="HotSpot 64-Bit Tiered Compilers"/>
    <property name="java.runtime.version" value="1.8.0_412-b01"/>
    <property name="user.name" value="wml"/>
    <property name="path.separator" value=";"/>
    <property name="os.version" value="10.0"/>
    <property name="java.endorsed.dirs" value="D:\devsoft\dragonwell-8.19.20\jre\lib\endorsed"/>
    <property name="java.runtime.name" value="OpenJDK Runtime Environment"/>
    <property name="file.encoding" value="GBK"/>
    <property name="java.vm.name" value="OpenJDK 64-Bit Server VM"/>
    <property name="localRepository" value="D:\devsoft\mvnrepository"/>
    <property name="java.vendor.url.bug" value="mailto:dragonwell_use@googlegroups.com"/>
    <property name="java.io.tmpdir" value="C:\Users\wml\AppData\Local\Temp\"/>
    <property name="java.version" value="1.8.0_412"/>
    <property name="user.dir" value="D:\code\eleven\eleven-core"/>
    <property name="os.arch" value="amd64"/>
    <property name="java.vm.specification.name" value="Java Virtual Machine Specification"/>
    <property name="java.awt.printerjob" value="sun.awt.windows.WPrinterJob"/>
    <property name="sun.os.patch.level" value=""/>
    <property name="java.library.path" value="D:\devsoft\dragonwell-8.19.20\jre\bin;C:\Windows\Sun\Java\bin;C:\Windows\system32;C:\Windows;.;D:\devsoft\dragonwell-8.19.20\bin;D:\devsoft\dragonwell-8.19.20\jre\bin;D:\devsoft\mvnd-0.7.1\bin;D:\devsoft\go\bin;%MVN_HOME%\bin;C:\Windows\system32;C:\Windows;C:\Windows\System32\Wbem;C:\Windows\System32\WindowsPowerShell\v1.0\;C:\Windows\System32\OpenSSH\;D:\devsoft\go\bin;D:\software\git\Git\cmd;D:\devsoft\node\node-v18.16.0;D:\devsoft\node\node_global;C:\Users\wml\AppData\Local\Microsoft\WindowsApps;C:\Users\wml\go\bin;C:\Users\wml\AppData\Local\JetBrains\Toolbox\scripts;C:\Users\wml\AppData\Roaming\npm;."/>
    <property name="com.alibaba.tenant.enableMultiTenant" value="false"/>
    <property name="java.vm.info" value="mixed mode"/>
    <property name="java.vendor" value="Alibaba"/>
    <property name="java.vm.version" value="25.412-b01"/>
    <property name="java.specification.maintenance.version" value="5"/>
    <property name="java.ext.dirs" value="D:\devsoft\dragonwell-8.19.20\jre\lib\ext;C:\Windows\Sun\Java\lib\ext"/>
    <property name="sun.io.unicode.encoding" value="UnicodeLittle"/>
    <property name="java.class.version" value="52.0"/>
  </properties>
</testsuite>